Arguments: 
  /usr/local/bin/node /Users/v_chenxiaoxu01/.npm-global/bin/yarn add class-vlaidator

PATH: 
  /Users/v_chenxiaoxu01/.npm-global/bin:/usr/local/sbin:/usr/local/bin:/usr/local/bin:/usr/bin:/bin:/usr/sbin:/sbin:/Users/v_chenxiaoxu01/.npm-global/bin:/usr/local/sbin

Yarn version: 
  1.22.4

Node version: 
  12.18.2

Platform: 
  darwin x64

Trace: 
  Error: http://registry.npm.baidu.com/class-vlaidator: no such package available
      at Request.params.callback [as _callback] (/Users/v_chenxiaoxu01/.npm-global/lib/node_modules/yarn/lib/cli.js:66987:18)
      at Request.self.callback (/Users/v_chenxiaoxu01/.npm-global/lib/node_modules/yarn/lib/cli.js:140748:22)
      at Request.emit (events.js:315:20)
      at Request.<anonymous> (/Users/v_chenxiaoxu01/.npm-global/lib/node_modules/yarn/lib/cli.js:141720:10)
      at Request.emit (events.js:315:20)
      at IncomingMessage.<anonymous> (/Users/v_chenxiaoxu01/.npm-global/lib/node_modules/yarn/lib/cli.js:141642:12)
      at Object.onceWrapper (events.js:421:28)
      at IncomingMessage.emit (events.js:327:22)
      at endReadableNT (_stream_readable.js:1221:12)
      at processTicksAndRejections (internal/process/task_queues.js:84:21)

npm manifest: 
  {
    "name": "learn_typesctipt",
    "version": "1.0.0",
    "description": "## 安装typescript",
    "main": "index.js",
    "scripts": {
      "test": "echo \"Error: no test specified\" && exit 1",
      "dev": "nodemon --watch ./src -e ts --exec ts-node"
    },
    "repository": {
      "type": "git",
      "url": "git+https://github.com/NeverSeeBefore/learn_typesctipt.git"
    },
    "author": "",
    "license": "ISC",
    "bugs": {
      "url": "https://github.com/NeverSeeBefore/learn_typesctipt/issues"
    },
    "homepage": "https://github.com/NeverSeeBefore/learn_typesctipt#readme",
    "devDependencies": {
      "@types/node": "^14.0.23"
    },
    "dependencies": {
      "reflect-metadata": "^0.1.13"
    }
  }

yarn manifest: 
  No manifest

Lockfile: 
  # THIS IS AN AUTOGENERATED FILE. DO NOT EDIT THIS FILE DIRECTLY.
  # yarn lockfile v1
  
  
  "@types/node@^14.0.23":
    version "14.6.0"
    resolved "http://registry.npm.baidu-int.com/@types%2fnode/-/node-14.6.0.tgz#7d4411bf5157339337d7cff864d9ff45f177b499"
    integrity sha1-fUQRv1FXM5M318/4ZNn/RfF3tJk=
  
  reflect-metadata@^0.1.13:
    version "0.1.13"
    resolved "http://registry.npm.baidu-int.com/reflect-metadata/-/reflect-metadata-0.1.13.tgz#67ae3ca57c972a2aa1642b10fe363fe32d49dc08"
    integrity sha1-Z648pXyXKiqhZCsQ/jY/4y1J3Ag=
